<?xml version="1.0" encoding="UTF-8"?>
<testsuites name="jest tests" tests="4" failures="4" time="2.342">
  <testsuite name="Get Shopping Cart" errors="0" failures="4" skipped="0" timestamp="2020-05-10T02:26:03" time="1.241" tests="4">
    <testcase classname="Get Shopping Cart Deve retornar um carrinho de compras a partir do array de IDs do exemplo 1" name="Get Shopping Cart Deve retornar um carrinho de compras a partir do array de IDs do exemplo 1" time="0.065">
      <failure>Error: expect(received).toEqual(expected) // deep equality

- Expected  - 3
+ Received  + 3

@@ -1,8 +1,8 @@
  Object {
-   &quot;discount&quot;: &quot;15.63%&quot;,
-   &quot;discountValue&quot;: &quot;75.00&quot;,
+   &quot;discountPercentage&quot;: &quot;15.63%&quot;,
+   &quot;discountValue&quot;: 75,
    &quot;products&quot;: Array [
      Object {
        &quot;category&quot;: &quot;T-SHIRTS&quot;,
        &quot;name&quot;: &quot;DISNEY CRUELLA© T-SHIRT&quot;,
      },
@@ -18,7 +18,7 @@
        &quot;category&quot;: &quot;BAGS&quot;,
        &quot;name&quot;: &quot;SOFT FLAP BACKPACK&quot;,
      },
    ],
    &quot;promotion&quot;: &quot;FULL LOOK&quot;,
-   &quot;totalPrice&quot;: &quot;404.96&quot;,
+   &quot;totalPrice&quot;: 404.96,
  }
    at Object.&lt;anonymous&gt; (C:\Users\Isabella\codenation\nodejs-12\test\index.test.js:62:16)
    at Object.asyncJestTest (C:\Users\Isabella\codenation\nodejs-12\node_modules\jest-jasmine2\build\jasmineAsyncInstall.js:100:37)
    at C:\Users\Isabella\codenation\nodejs-12\node_modules\jest-jasmine2\build\queueRunner.js:45:12
    at new Promise (&lt;anonymous&gt;)
    at mapper (C:\Users\Isabella\codenation\nodejs-12\node_modules\jest-jasmine2\build\queueRunner.js:28:19)
    at C:\Users\Isabella\codenation\nodejs-12\node_modules\jest-jasmine2\build\queueRunner.js:75:41
    at processTicksAndRejections (internal/process/task_queues.js:94:5)</failure>
    </testcase>
    <testcase classname="Get Shopping Cart Deve retornar um carrinho de compras a partir do array de IDs do exemplo 2" name="Get Shopping Cart Deve retornar um carrinho de compras a partir do array de IDs do exemplo 2" time="0.01">
      <failure>TypeError: Cannot read property &apos;price&apos; of undefined
    at reduce (C:\Users\Isabella\codenation\nodejs-12\src\index.js:21:79)
    at Array.reduce (&lt;anonymous&gt;)
    at getTotalPrice (C:\Users\Isabella\codenation\nodejs-12\src\index.js:21:35)
    at getShoppingCart (C:\Users\Isabella\codenation\nodejs-12\src\index.js:37:21)
    at Object.&lt;anonymous&gt; (C:\Users\Isabella\codenation\nodejs-12\test\index.test.js:66:16)
    at Object.asyncJestTest (C:\Users\Isabella\codenation\nodejs-12\node_modules\jest-jasmine2\build\jasmineAsyncInstall.js:100:37)
    at C:\Users\Isabella\codenation\nodejs-12\node_modules\jest-jasmine2\build\queueRunner.js:45:12
    at new Promise (&lt;anonymous&gt;)
    at mapper (C:\Users\Isabella\codenation\nodejs-12\node_modules\jest-jasmine2\build\queueRunner.js:28:19)
    at C:\Users\Isabella\codenation\nodejs-12\node_modules\jest-jasmine2\build\queueRunner.js:75:41
    at processTicksAndRejections (internal/process/task_queues.js:94:5)</failure>
    </testcase>
    <testcase classname="Get Shopping Cart Deve retornar um carrinho de compras a partir do array de IDs do exemplo 3" name="Get Shopping Cart Deve retornar um carrinho de compras a partir do array de IDs do exemplo 3" time="0.004">
      <failure>TypeError: Cannot read property &apos;price&apos; of undefined
    at reduce (C:\Users\Isabella\codenation\nodejs-12\src\index.js:21:79)
    at Array.reduce (&lt;anonymous&gt;)
    at getTotalPrice (C:\Users\Isabella\codenation\nodejs-12\src\index.js:21:35)
    at getShoppingCart (C:\Users\Isabella\codenation\nodejs-12\src\index.js:37:21)
    at Object.&lt;anonymous&gt; (C:\Users\Isabella\codenation\nodejs-12\test\index.test.js:72:16)
    at Object.asyncJestTest (C:\Users\Isabella\codenation\nodejs-12\node_modules\jest-jasmine2\build\jasmineAsyncInstall.js:100:37)
    at C:\Users\Isabella\codenation\nodejs-12\node_modules\jest-jasmine2\build\queueRunner.js:45:12
    at new Promise (&lt;anonymous&gt;)
    at mapper (C:\Users\Isabella\codenation\nodejs-12\node_modules\jest-jasmine2\build\queueRunner.js:28:19)
    at C:\Users\Isabella\codenation\nodejs-12\node_modules\jest-jasmine2\build\queueRunner.js:75:41
    at processTicksAndRejections (internal/process/task_queues.js:94:5)</failure>
    </testcase>
    <testcase classname="Get Shopping Cart Deve retornar um carrinho de compras a partir do array de IDs do exemplo 4" name="Get Shopping Cart Deve retornar um carrinho de compras a partir do array de IDs do exemplo 4" time="0.007">
      <failure>Error: expect(received).toEqual(expected) // deep equality

- Expected  - 3
+ Received  + 3

@@ -1,8 +1,8 @@
  Object {
-   &quot;discount&quot;: &quot;14.21%&quot;,
-   &quot;discountValue&quot;: &quot;130.00&quot;,
+   &quot;discountPercentage&quot;: &quot;14.21%&quot;,
+   &quot;discountValue&quot;: 130,
    &quot;products&quot;: Array [
      Object {
        &quot;category&quot;: &quot;T-SHIRTS&quot;,
        &quot;name&quot;: &quot;PINK PANTHER™ T-SHIRT&quot;,
      },
@@ -26,7 +26,7 @@
        &quot;category&quot;: &quot;SHOES&quot;,
        &quot;name&quot;: &quot;SLINGBACK KITTEN HEEL SHOES WITH METAL DETAIL&quot;,
      },
    ],
    &quot;promotion&quot;: &quot;TRIPLE LOOK&quot;,
-   &quot;totalPrice&quot;: &quot;784.94&quot;,
+   &quot;totalPrice&quot;: 784.94,
  }
    at Object.&lt;anonymous&gt; (C:\Users\Isabella\codenation\nodejs-12\test\index.test.js:80:16)
    at Object.asyncJestTest (C:\Users\Isabella\codenation\nodejs-12\node_modules\jest-jasmine2\build\jasmineAsyncInstall.js:100:37)
    at C:\Users\Isabella\codenation\nodejs-12\node_modules\jest-jasmine2\build\queueRunner.js:45:12
    at new Promise (&lt;anonymous&gt;)
    at mapper (C:\Users\Isabella\codenation\nodejs-12\node_modules\jest-jasmine2\build\queueRunner.js:28:19)
    at C:\Users\Isabella\codenation\nodejs-12\node_modules\jest-jasmine2\build\queueRunner.js:75:41
    at processTicksAndRejections (internal/process/task_queues.js:94:5)</failure>
    </testcase>
  </testsuite>
</testsuites>